[2019-02-20 16:09:51.563] [exthost] [info] extension host started
[2019-02-20 16:09:51.599] [exthost] [info] ExtensionService#_doActivateExtension vscode.debug-auto-launch {"startup":true,"activationEvent":"*"}
[2019-02-20 16:09:51.600] [exthost] [info] ExtensionService#loadCommonJSModule /usr/share/code/resources/app/extensions/debug-auto-launch/dist/extension
[2019-02-20 16:09:51.604] [exthost] [info] ExtensionService#_doActivateExtension vscode.emmet {"startup":true,"activationEvent":"*"}
[2019-02-20 16:09:51.604] [exthost] [info] ExtensionService#loadCommonJSModule /usr/share/code/resources/app/extensions/emmet/dist/extension
[2019-02-20 16:09:51.638] [exthost] [info] ExtensionService#_doActivateExtension vscode.git {"startup":true,"activationEvent":"*"}
[2019-02-20 16:09:51.638] [exthost] [info] ExtensionService#loadCommonJSModule /usr/share/code/resources/app/extensions/git/dist/main
[2019-02-20 16:09:51.839] [exthost] [info] ExtensionService#_doActivateExtension vscode.merge-conflict {"startup":true,"activationEvent":"*"}
[2019-02-20 16:09:51.839] [exthost] [info] ExtensionService#loadCommonJSModule /usr/share/code/resources/app/extensions/merge-conflict/dist/extension
[2019-02-20 16:09:51.850] [exthost] [info] eager extensions activated
[2019-02-20 16:11:43.135] [exthost] [info] ExtensionService#_doActivateExtension ms-vscode.cpptools {"startup":false,"activationEvent":"*"}
[2019-02-20 16:11:43.135] [exthost] [info] ExtensionService#loadCommonJSModule /home/srivatsa/.vscode/extensions/ms-vscode.cpptools-0.21.0/out/src/main
[2019-02-20 16:11:53.746] [exthost] [info] ExtensionService#_doActivateExtension ms-vscode.csharp {"startup":false,"activationEvent":"workspaceContains:project.json"}
[2019-02-20 16:11:53.746] [exthost] [info] ExtensionService#loadCommonJSModule /home/srivatsa/.vscode/extensions/ms-vscode.csharp-1.17.1/out/src/main
[2019-02-20 16:11:59.892] [exthost] [info] extension host started
[2019-02-20 16:11:59.917] [exthost] [info] ExtensionService#_doActivateExtension vscode.debug-auto-launch {"startup":true,"activationEvent":"*"}
[2019-02-20 16:11:59.917] [exthost] [info] ExtensionService#loadCommonJSModule /usr/share/code/resources/app/extensions/debug-auto-launch/dist/extension
[2019-02-20 16:11:59.922] [exthost] [info] ExtensionService#_doActivateExtension vscode.emmet {"startup":true,"activationEvent":"*"}
[2019-02-20 16:11:59.922] [exthost] [info] ExtensionService#loadCommonJSModule /usr/share/code/resources/app/extensions/emmet/dist/extension
[2019-02-20 16:11:59.946] [exthost] [info] ExtensionService#_doActivateExtension vscode.git {"startup":true,"activationEvent":"*"}
[2019-02-20 16:11:59.946] [exthost] [info] ExtensionService#loadCommonJSModule /usr/share/code/resources/app/extensions/git/dist/main
[2019-02-20 16:12:00.060] [exthost] [info] ExtensionService#_doActivateExtension vscode.merge-conflict {"startup":true,"activationEvent":"*"}
[2019-02-20 16:12:00.060] [exthost] [info] ExtensionService#loadCommonJSModule /usr/share/code/resources/app/extensions/merge-conflict/dist/extension
[2019-02-20 16:12:00.066] [exthost] [info] ExtensionService#_doActivateExtension ms-vscode.cpptools {"startup":true,"activationEvent":"*"}
[2019-02-20 16:12:00.066] [exthost] [info] ExtensionService#loadCommonJSModule /home/srivatsa/.vscode/extensions/ms-vscode.cpptools-0.21.0/out/src/main
[2019-02-20 16:12:00.223] [exthost] [info] eager extensions activated
[2019-02-20 16:16:41.508] [exthost] [info] ExtensionService#_doActivateExtension vscode.python {"startup":false,"activationEvent":"onLanguage:python"}
[2019-02-20 16:16:41.508] [exthost] [info] ExtensionService#loadCommonJSModule /usr/share/code/resources/app/extensions/python/out/pythonMain
[2019-02-20 16:16:41.510] [exthost] [info] ExtensionService#_doActivateExtension ms-python.python {"startup":false,"activationEvent":"onLanguage:python"}
[2019-02-20 16:16:41.510] [exthost] [info] ExtensionService#loadCommonJSModule /home/srivatsa/.vscode/extensions/ms-python.python-2019.1.0/out/client/extension
[2019-02-20 16:16:56.467] [exthost] [info] extension host started
[2019-02-20 16:16:56.487] [exthost] [info] ExtensionService#_doActivateExtension vscode.debug-auto-launch {"startup":true,"activationEvent":"*"}
[2019-02-20 16:16:56.487] [exthost] [info] ExtensionService#loadCommonJSModule /usr/share/code/resources/app/extensions/debug-auto-launch/dist/extension
[2019-02-20 16:16:56.491] [exthost] [info] ExtensionService#_doActivateExtension vscode.emmet {"startup":true,"activationEvent":"*"}
[2019-02-20 16:16:56.491] [exthost] [info] ExtensionService#loadCommonJSModule /usr/share/code/resources/app/extensions/emmet/dist/extension
[2019-02-20 16:16:56.510] [exthost] [info] ExtensionService#_doActivateExtension vscode.git {"startup":true,"activationEvent":"*"}
[2019-02-20 16:16:56.510] [exthost] [info] ExtensionService#loadCommonJSModule /usr/share/code/resources/app/extensions/git/dist/main
[2019-02-20 16:16:56.624] [exthost] [info] ExtensionService#_doActivateExtension vscode.merge-conflict {"startup":true,"activationEvent":"*"}
[2019-02-20 16:16:56.624] [exthost] [info] ExtensionService#loadCommonJSModule /usr/share/code/resources/app/extensions/merge-conflict/dist/extension
[2019-02-20 16:16:57.033] [exthost] [info] eager extensions activated
[2019-02-20 16:17:00.789] [exthost] [info] ExtensionService#_doActivateExtension vscode.python {"startup":false,"activationEvent":"onLanguage:python"}
[2019-02-20 16:17:00.789] [exthost] [info] ExtensionService#loadCommonJSModule /usr/share/code/resources/app/extensions/python/out/pythonMain
[2019-02-20 16:17:00.790] [exthost] [info] ExtensionService#_doActivateExtension ms-python.python {"startup":false,"activationEvent":"onLanguage:python"}
[2019-02-20 16:17:00.790] [exthost] [info] ExtensionService#loadCommonJSModule /home/srivatsa/.vscode/extensions/ms-python.python-2019.1.0/out/client/extension
